0 info it worked if it ends with ok
1 verbose cli [ '/usr/bin/nodejs', '/usr/bin/npm', 'install' ]
2 info using npm@1.3.10
3 info using node@v0.10.25
4 warn package.json incrementalGame-framework-client@1.0.0 No repository field.
5 verbose readDependencies using package.json deps
6 verbose install where, deps [ '/home/phoebee/cs3220/cs-3220-spring-2018-YuchangRachel/lab3/client',
6 verbose install   [ '@webcomponents/webcomponentsjs',
6 verbose install     'babel-core',
6 verbose install     'babel-jest',
6 verbose install     'babel-loader',
6 verbose install     'babel-preset-env',
6 verbose install     'jest',
6 verbose install     'regenerator-runtime',
6 verbose install     'webpack' ] ]
7 info preinstall incrementalGame-framework-client@1.0.0
8 verbose readDependencies using package.json deps
9 verbose cache add [ '@webcomponents/webcomponentsjs@^1.0.22', null ]
10 verbose cache add name=undefined spec="@webcomponents/webcomponentsjs@^1.0.22" args=["@webcomponents/webcomponentsjs@^1.0.22",null]
11 verbose parsed url { protocol: null,
11 verbose parsed url   slashes: null,
11 verbose parsed url   auth: null,
11 verbose parsed url   host: null,
11 verbose parsed url   port: null,
11 verbose parsed url   hostname: null,
11 verbose parsed url   hash: null,
11 verbose parsed url   search: null,
11 verbose parsed url   query: null,
11 verbose parsed url   pathname: '@webcomponents/webcomponentsjs@^1.0.22',
11 verbose parsed url   path: '@webcomponents/webcomponentsjs@^1.0.22',
11 verbose parsed url   href: '@webcomponents/webcomponentsjs@^1.0.22' }
12 verbose cache add name="" spec="webcomponents/webcomponentsjs@^1.0.22" args=["","webcomponents/webcomponentsjs@^1.0.22"]
13 verbose parsed url { protocol: null,
13 verbose parsed url   slashes: null,
13 verbose parsed url   auth: null,
13 verbose parsed url   host: null,
13 verbose parsed url   port: null,
13 verbose parsed url   hostname: null,
13 verbose parsed url   hash: null,
13 verbose parsed url   search: null,
13 verbose parsed url   query: null,
13 verbose parsed url   pathname: 'webcomponents/webcomponentsjs@^1.0.22',
13 verbose parsed url   path: 'webcomponents/webcomponentsjs@^1.0.22',
13 verbose parsed url   href: 'webcomponents/webcomponentsjs@^1.0.22' }
14 verbose cache add name="webcomponents/webcomponentsjs" spec="^1.0.22" args=["webcomponents/webcomponentsjs","^1.0.22"]
15 verbose parsed url { protocol: null,
15 verbose parsed url   slashes: null,
15 verbose parsed url   auth: null,
15 verbose parsed url   host: null,
15 verbose parsed url   port: null,
15 verbose parsed url   hostname: null,
15 verbose parsed url   hash: null,
15 verbose parsed url   search: null,
15 verbose parsed url   query: null,
15 verbose parsed url   pathname: '^1.0.22',
15 verbose parsed url   path: '^1.0.22',
15 verbose parsed url   href: '^1.0.22' }
16 verbose addNamed [ 'webcomponents/webcomponentsjs', '^1.0.22' ]
17 verbose addNamed [ null, '>=1.0.22-0 <2.0.0-0' ]
18 verbose cache add [ 'babel-core@^6.26.0', null ]
19 verbose cache add name=undefined spec="babel-core@^6.26.0" args=["babel-core@^6.26.0",null]
20 verbose parsed url { protocol: null,
20 verbose parsed url   slashes: null,
20 verbose parsed url   auth: null,
20 verbose parsed url   host: null,
20 verbose parsed url   port: null,
20 verbose parsed url   hostname: null,
20 verbose parsed url   hash: null,
20 verbose parsed url   search: null,
20 verbose parsed url   query: null,
20 verbose parsed url   pathname: 'babel-core@^6.26.0',
20 verbose parsed url   path: 'babel-core@^6.26.0',
20 verbose parsed url   href: 'babel-core@^6.26.0' }
21 verbose cache add name="babel-core" spec="^6.26.0" args=["babel-core","^6.26.0"]
22 verbose parsed url { protocol: null,
22 verbose parsed url   slashes: null,
22 verbose parsed url   auth: null,
22 verbose parsed url   host: null,
22 verbose parsed url   port: null,
22 verbose parsed url   hostname: null,
22 verbose parsed url   hash: null,
22 verbose parsed url   search: null,
22 verbose parsed url   query: null,
22 verbose parsed url   pathname: '^6.26.0',
22 verbose parsed url   path: '^6.26.0',
22 verbose parsed url   href: '^6.26.0' }
23 verbose addNamed [ 'babel-core', '^6.26.0' ]
24 verbose addNamed [ null, '>=6.26.0-0 <7.0.0-0' ]
25 silly lockFile f6631c99-omponents-webcomponentsjs-1-0-22 webcomponents/webcomponentsjs@^1.0.22
26 verbose lock webcomponents/webcomponentsjs@^1.0.22 /home/phoebee/.npm/f6631c99-omponents-webcomponentsjs-1-0-22.lock
27 silly lockFile 538dc80e-babel-core-6-26-0 babel-core@^6.26.0
28 verbose lock babel-core@^6.26.0 /home/phoebee/.npm/538dc80e-babel-core-6-26-0.lock
29 verbose cache add [ 'babel-loader@^7.1.2', null ]
30 verbose cache add name=undefined spec="babel-loader@^7.1.2" args=["babel-loader@^7.1.2",null]
31 verbose parsed url { protocol: null,
31 verbose parsed url   slashes: null,
31 verbose parsed url   auth: null,
31 verbose parsed url   host: null,
31 verbose parsed url   port: null,
31 verbose parsed url   hostname: null,
31 verbose parsed url   hash: null,
31 verbose parsed url   search: null,
31 verbose parsed url   query: null,
31 verbose parsed url   pathname: 'babel-loader@^7.1.2',
31 verbose parsed url   path: 'babel-loader@^7.1.2',
31 verbose parsed url   href: 'babel-loader@^7.1.2' }
32 verbose cache add name="babel-loader" spec="^7.1.2" args=["babel-loader","^7.1.2"]
33 verbose parsed url { protocol: null,
33 verbose parsed url   slashes: null,
33 verbose parsed url   auth: null,
33 verbose parsed url   host: null,
33 verbose parsed url   port: null,
33 verbose parsed url   hostname: null,
33 verbose parsed url   hash: null,
33 verbose parsed url   search: null,
33 verbose parsed url   query: null,
33 verbose parsed url   pathname: '^7.1.2',
33 verbose parsed url   path: '^7.1.2',
33 verbose parsed url   href: '^7.1.2' }
34 verbose addNamed [ 'babel-loader', '^7.1.2' ]
35 verbose addNamed [ null, '>=7.1.2-0 <8.0.0-0' ]
36 silly lockFile 889ad69c-babel-loader-7-1-2 babel-loader@^7.1.2
37 verbose lock babel-loader@^7.1.2 /home/phoebee/.npm/889ad69c-babel-loader-7-1-2.lock
38 verbose cache add [ 'babel-jest@^22.0.4', null ]
39 verbose cache add name=undefined spec="babel-jest@^22.0.4" args=["babel-jest@^22.0.4",null]
40 verbose parsed url { protocol: null,
40 verbose parsed url   slashes: null,
40 verbose parsed url   auth: null,
40 verbose parsed url   host: null,
40 verbose parsed url   port: null,
40 verbose parsed url   hostname: null,
40 verbose parsed url   hash: null,
40 verbose parsed url   search: null,
40 verbose parsed url   query: null,
40 verbose parsed url   pathname: 'babel-jest@^22.0.4',
40 verbose parsed url   path: 'babel-jest@^22.0.4',
40 verbose parsed url   href: 'babel-jest@^22.0.4' }
41 verbose cache add name="babel-jest" spec="^22.0.4" args=["babel-jest","^22.0.4"]
42 verbose parsed url { protocol: null,
42 verbose parsed url   slashes: null,
42 verbose parsed url   auth: null,
42 verbose parsed url   host: null,
42 verbose parsed url   port: null,
42 verbose parsed url   hostname: null,
42 verbose parsed url   hash: null,
42 verbose parsed url   search: null,
42 verbose parsed url   query: null,
42 verbose parsed url   pathname: '^22.0.4',
42 verbose parsed url   path: '^22.0.4',
42 verbose parsed url   href: '^22.0.4' }
43 verbose addNamed [ 'babel-jest', '^22.0.4' ]
44 verbose addNamed [ null, '>=22.0.4-0 <23.0.0-0' ]
45 silly lockFile 8dd2d04b-babel-jest-22-0-4 babel-jest@^22.0.4
46 verbose lock babel-jest@^22.0.4 /home/phoebee/.npm/8dd2d04b-babel-jest-22-0-4.lock
47 verbose cache add [ 'babel-preset-env@^1.6.1', null ]
48 verbose cache add name=undefined spec="babel-preset-env@^1.6.1" args=["babel-preset-env@^1.6.1",null]
49 verbose parsed url { protocol: null,
49 verbose parsed url   slashes: null,
49 verbose parsed url   auth: null,
49 verbose parsed url   host: null,
49 verbose parsed url   port: null,
49 verbose parsed url   hostname: null,
49 verbose parsed url   hash: null,
49 verbose parsed url   search: null,
49 verbose parsed url   query: null,
49 verbose parsed url   pathname: 'babel-preset-env@^1.6.1',
49 verbose parsed url   path: 'babel-preset-env@^1.6.1',
49 verbose parsed url   href: 'babel-preset-env@^1.6.1' }
50 verbose cache add name="babel-preset-env" spec="^1.6.1" args=["babel-preset-env","^1.6.1"]
51 verbose parsed url { protocol: null,
51 verbose parsed url   slashes: null,
51 verbose parsed url   auth: null,
51 verbose parsed url   host: null,
51 verbose parsed url   port: null,
51 verbose parsed url   hostname: null,
51 verbose parsed url   hash: null,
51 verbose parsed url   search: null,
51 verbose parsed url   query: null,
51 verbose parsed url   pathname: '^1.6.1',
51 verbose parsed url   path: '^1.6.1',
51 verbose parsed url   href: '^1.6.1' }
52 verbose addNamed [ 'babel-preset-env', '^1.6.1' ]
53 verbose addNamed [ null, '>=1.6.1-0 <2.0.0-0' ]
54 silly lockFile 00c8ef37-babel-preset-env-1-6-1 babel-preset-env@^1.6.1
55 verbose lock babel-preset-env@^1.6.1 /home/phoebee/.npm/00c8ef37-babel-preset-env-1-6-1.lock
56 verbose cache add [ 'jest@^22.0.4', null ]
57 verbose cache add name=undefined spec="jest@^22.0.4" args=["jest@^22.0.4",null]
58 verbose parsed url { protocol: null,
58 verbose parsed url   slashes: null,
58 verbose parsed url   auth: null,
58 verbose parsed url   host: null,
58 verbose parsed url   port: null,
58 verbose parsed url   hostname: null,
58 verbose parsed url   hash: null,
58 verbose parsed url   search: null,
58 verbose parsed url   query: null,
58 verbose parsed url   pathname: 'jest@^22.0.4',
58 verbose parsed url   path: 'jest@^22.0.4',
58 verbose parsed url   href: 'jest@^22.0.4' }
59 verbose cache add name="jest" spec="^22.0.4" args=["jest","^22.0.4"]
60 verbose parsed url { protocol: null,
60 verbose parsed url   slashes: null,
60 verbose parsed url   auth: null,
60 verbose parsed url   host: null,
60 verbose parsed url   port: null,
60 verbose parsed url   hostname: null,
60 verbose parsed url   hash: null,
60 verbose parsed url   search: null,
60 verbose parsed url   query: null,
60 verbose parsed url   pathname: '^22.0.4',
60 verbose parsed url   path: '^22.0.4',
60 verbose parsed url   href: '^22.0.4' }
61 verbose addNamed [ 'jest', '^22.0.4' ]
62 verbose addNamed [ null, '>=22.0.4-0 <23.0.0-0' ]
63 silly lockFile 6df966b7-jest-22-0-4 jest@^22.0.4
64 verbose lock jest@^22.0.4 /home/phoebee/.npm/6df966b7-jest-22-0-4.lock
65 verbose cache add [ 'regenerator-runtime@^0.11.1', null ]
66 verbose cache add name=undefined spec="regenerator-runtime@^0.11.1" args=["regenerator-runtime@^0.11.1",null]
67 verbose parsed url { protocol: null,
67 verbose parsed url   slashes: null,
67 verbose parsed url   auth: null,
67 verbose parsed url   host: null,
67 verbose parsed url   port: null,
67 verbose parsed url   hostname: null,
67 verbose parsed url   hash: null,
67 verbose parsed url   search: null,
67 verbose parsed url   query: null,
67 verbose parsed url   pathname: 'regenerator-runtime@^0.11.1',
67 verbose parsed url   path: 'regenerator-runtime@^0.11.1',
67 verbose parsed url   href: 'regenerator-runtime@^0.11.1' }
68 verbose cache add name="regenerator-runtime" spec="^0.11.1" args=["regenerator-runtime","^0.11.1"]
69 verbose parsed url { protocol: null,
69 verbose parsed url   slashes: null,
69 verbose parsed url   auth: null,
69 verbose parsed url   host: null,
69 verbose parsed url   port: null,
69 verbose parsed url   hostname: null,
69 verbose parsed url   hash: null,
69 verbose parsed url   search: null,
69 verbose parsed url   query: null,
69 verbose parsed url   pathname: '^0.11.1',
69 verbose parsed url   path: '^0.11.1',
69 verbose parsed url   href: '^0.11.1' }
70 verbose addNamed [ 'regenerator-runtime', '^0.11.1' ]
71 verbose addNamed [ null, '>=0.11.1-0 <0.12.0-0' ]
72 silly lockFile 8487cc82-regenerator-runtime-0-11-1 regenerator-runtime@^0.11.1
73 verbose lock regenerator-runtime@^0.11.1 /home/phoebee/.npm/8487cc82-regenerator-runtime-0-11-1.lock
74 verbose cache add [ 'webpack@^3.10.0', null ]
75 verbose cache add name=undefined spec="webpack@^3.10.0" args=["webpack@^3.10.0",null]
76 verbose parsed url { protocol: null,
76 verbose parsed url   slashes: null,
76 verbose parsed url   auth: null,
76 verbose parsed url   host: null,
76 verbose parsed url   port: null,
76 verbose parsed url   hostname: null,
76 verbose parsed url   hash: null,
76 verbose parsed url   search: null,
76 verbose parsed url   query: null,
76 verbose parsed url   pathname: 'webpack@^3.10.0',
76 verbose parsed url   path: 'webpack@^3.10.0',
76 verbose parsed url   href: 'webpack@^3.10.0' }
77 verbose cache add name="webpack" spec="^3.10.0" args=["webpack","^3.10.0"]
78 verbose parsed url { protocol: null,
78 verbose parsed url   slashes: null,
78 verbose parsed url   auth: null,
78 verbose parsed url   host: null,
78 verbose parsed url   port: null,
78 verbose parsed url   hostname: null,
78 verbose parsed url   hash: null,
78 verbose parsed url   search: null,
78 verbose parsed url   query: null,
78 verbose parsed url   pathname: '^3.10.0',
78 verbose parsed url   path: '^3.10.0',
78 verbose parsed url   href: '^3.10.0' }
79 verbose addNamed [ 'webpack', '^3.10.0' ]
80 verbose addNamed [ null, '>=3.10.0-0 <4.0.0-0' ]
81 silly lockFile 4bddd681-webpack-3-10-0 webpack@^3.10.0
82 verbose lock webpack@^3.10.0 /home/phoebee/.npm/4bddd681-webpack-3-10-0.lock
83 silly addNameRange { name: 'babel-core',
83 silly addNameRange   range: '>=6.26.0-0 <7.0.0-0',
83 silly addNameRange   hasData: false }
84 silly addNameRange { name: 'babel-jest',
84 silly addNameRange   range: '>=22.0.4-0 <23.0.0-0',
84 silly addNameRange   hasData: false }
85 silly addNameRange { name: 'babel-loader',
85 silly addNameRange   range: '>=7.1.2-0 <8.0.0-0',
85 silly addNameRange   hasData: false }
86 silly addNameRange { name: 'babel-preset-env',
86 silly addNameRange   range: '>=1.6.1-0 <2.0.0-0',
86 silly addNameRange   hasData: false }
87 silly addNameRange { name: 'jest', range: '>=22.0.4-0 <23.0.0-0', hasData: false }
88 silly addNameRange { name: 'regenerator-runtime',
88 silly addNameRange   range: '>=0.11.1-0 <0.12.0-0',
88 silly addNameRange   hasData: false }
89 silly addNameRange { name: 'webpack', range: '>=3.10.0-0 <4.0.0-0', hasData: false }
90 silly addNameRange { name: 'webcomponents/webcomponentsjs',
90 silly addNameRange   range: '>=1.0.22-0 <2.0.0-0',
90 silly addNameRange   hasData: false }
91 verbose url raw babel-jest
92 verbose url resolving [ 'https://registry.npmjs.org/', './babel-jest' ]
93 verbose url resolved https://registry.npmjs.org/babel-jest
94 info trying registry request attempt 1 at 18:11:06
95 verbose etag "5a8f3625-22134"
96 http GET https://registry.npmjs.org/babel-jest
97 verbose url raw babel-loader
98 verbose url resolving [ 'https://registry.npmjs.org/', './babel-loader' ]
99 verbose url resolved https://registry.npmjs.org/babel-loader
100 info trying registry request attempt 1 at 18:11:07
101 verbose etag "5a93d03f-1dbc2"
102 http GET https://registry.npmjs.org/babel-loader
103 verbose url raw babel-preset-env
104 verbose url resolving [ 'https://registry.npmjs.org/', './babel-preset-env' ]
105 verbose url resolved https://registry.npmjs.org/babel-preset-env
106 info trying registry request attempt 1 at 18:11:07
107 verbose etag "5a8fdd9a-3bb5e"
108 http GET https://registry.npmjs.org/babel-preset-env
109 verbose url raw regenerator-runtime
110 verbose url resolving [ 'https://registry.npmjs.org/', './regenerator-runtime' ]
111 verbose url resolved https://registry.npmjs.org/regenerator-runtime
112 info trying registry request attempt 1 at 18:11:07
113 verbose etag "5a96542b-43e9"
114 http GET https://registry.npmjs.org/regenerator-runtime
115 verbose url raw babel-core
116 verbose url resolving [ 'https://registry.npmjs.org/', './babel-core' ]
117 verbose url resolved https://registry.npmjs.org/babel-core
118 info trying registry request attempt 1 at 18:11:07
119 verbose etag "5a97b289-816b8"
120 http GET https://registry.npmjs.org/babel-core
121 verbose url raw jest
122 verbose url resolving [ 'https://registry.npmjs.org/', './jest' ]
123 verbose url resolved https://registry.npmjs.org/jest
124 info trying registry request attempt 1 at 18:11:07
125 verbose etag "5a984353-335d9"
126 http GET https://registry.npmjs.org/jest
127 verbose url raw webcomponents/webcomponentsjs
128 verbose url resolving [ 'https://registry.npmjs.org/',
128 verbose url resolving   './webcomponents/webcomponentsjs' ]
129 verbose url resolved https://registry.npmjs.org/webcomponents/webcomponentsjs
130 info trying registry request attempt 1 at 18:11:07
131 http GET https://registry.npmjs.org/webcomponents/webcomponentsjs
132 verbose url raw webpack
133 verbose url resolving [ 'https://registry.npmjs.org/', './webpack' ]
134 verbose url resolved https://registry.npmjs.org/webpack
135 info trying registry request attempt 1 at 18:11:07
136 verbose etag "5a984351-15ece6"
137 http GET https://registry.npmjs.org/webpack
138 http 304 https://registry.npmjs.org/regenerator-runtime
139 silly registry.get cb [ 304,
139 silly registry.get   { date: 'Sun, 04 Mar 2018 02:11:07 GMT',
139 silly registry.get     via: '1.1 varnish',
139 silly registry.get     'cache-control': 'max-age=300',
139 silly registry.get     etag: '"5a96542b-43e9"',
139 silly registry.get     age: '0',
139 silly registry.get     connection: 'keep-alive',
139 silly registry.get     'x-served-by': 'cache-bur17525-BUR',
139 silly registry.get     'x-cache': 'HIT',
139 silly registry.get     'x-cache-hits': '1',
139 silly registry.get     'x-timer': 'S1520129467.093680,VS0,VE96',
139 silly registry.get     vary: 'Accept-Encoding, Accept' } ]
140 verbose etag regenerator-runtime from cache
141 http 304 https://registry.npmjs.org/babel-jest
142 silly registry.get cb [ 304,
142 silly registry.get   { date: 'Sun, 04 Mar 2018 02:11:07 GMT',
142 silly registry.get     via: '1.1 varnish',
142 silly registry.get     'cache-control': 'max-age=300',
142 silly registry.get     etag: '"5a8f3625-22134"',
142 silly registry.get     age: '0',
142 silly registry.get     connection: 'keep-alive',
142 silly registry.get     'x-served-by': 'cache-bur17526-BUR',
142 silly registry.get     'x-cache': 'MISS',
142 silly registry.get     'x-cache-hits': '0',
142 silly registry.get     'x-timer': 'S1520129467.091114,VS0,VE120',
142 silly registry.get     vary: 'Accept-Encoding, Accept' } ]
143 verbose etag babel-jest from cache
144 http 304 https://registry.npmjs.org/babel-loader
145 silly registry.get cb [ 304,
145 silly registry.get   { date: 'Sun, 04 Mar 2018 02:11:07 GMT',
145 silly registry.get     via: '1.1 varnish',
145 silly registry.get     'cache-control': 'max-age=300',
145 silly registry.get     etag: '"5a93d03f-1dbc2"',
145 silly registry.get     age: '0',
145 silly registry.get     connection: 'keep-alive',
145 silly registry.get     'x-served-by': 'cache-bur17535-BUR',
145 silly registry.get     'x-cache': 'MISS',
145 silly registry.get     'x-cache-hits': '0',
145 silly registry.get     'x-timer': 'S1520129467.085116,VS0,VE141',
145 silly registry.get     vary: 'Accept-Encoding, Accept' } ]
146 verbose etag babel-loader from cache
147 http 304 https://registry.npmjs.org/babel-core
148 silly registry.get cb [ 304,
148 silly registry.get   { date: 'Sun, 04 Mar 2018 02:11:07 GMT',
148 silly registry.get     via: '1.1 varnish',
148 silly registry.get     'cache-control': 'max-age=300',
148 silly registry.get     etag: '"5a97b289-816b8"',
148 silly registry.get     age: '0',
148 silly registry.get     connection: 'keep-alive',
148 silly registry.get     'x-served-by': 'cache-bur17520-BUR',
148 silly registry.get     'x-cache': 'MISS',
148 silly registry.get     'x-cache-hits': '0',
148 silly registry.get     'x-timer': 'S1520129467.097665,VS0,VE139',
148 silly registry.get     vary: 'Accept-Encoding, Accept' } ]
149 verbose etag babel-core from cache
150 silly addNameRange number 2 { name: 'regenerator-runtime',
150 silly addNameRange   range: '>=0.11.1-0 <0.12.0-0',
150 silly addNameRange   hasData: true }
151 silly addNameRange versions [ 'regenerator-runtime',
151 silly addNameRange   [ '0.9.0',
151 silly addNameRange     '0.9.1',
151 silly addNameRange     '0.9.2',
151 silly addNameRange     '0.9.3',
151 silly addNameRange     '0.9.4',
151 silly addNameRange     '0.9.5',
151 silly addNameRange     '0.9.6',
151 silly addNameRange     '0.10.0',
151 silly addNameRange     '0.10.1',
151 silly addNameRange     '0.10.2',
151 silly addNameRange     '0.10.3',
151 silly addNameRange     '0.10.4',
151 silly addNameRange     '0.10.5',
151 silly addNameRange     '0.11.0',
151 silly addNameRange     '0.11.1' ] ]
152 verbose addNamed [ 'regenerator-runtime', '0.11.1' ]
153 verbose addNamed [ '0.11.1', '0.11.1' ]
154 silly lockFile 8a6bb8a5-regenerator-runtime-0-11-1 regenerator-runtime@0.11.1
155 verbose lock regenerator-runtime@0.11.1 /home/phoebee/.npm/8a6bb8a5-regenerator-runtime-0-11-1.lock
156 silly addNameRange number 2 { name: 'babel-jest',
156 silly addNameRange   range: '>=22.0.4-0 <23.0.0-0',
156 silly addNameRange   hasData: true }
157 silly addNameRange versions [ 'babel-jest',
157 silly addNameRange   [ '4.0.0',
157 silly addNameRange     '5.0.0',
157 silly addNameRange     '5.0.1',
157 silly addNameRange     '5.2.0',
157 silly addNameRange     '5.2.1',
157 silly addNameRange     '5.3.0',
157 silly addNameRange     '6.0.0',
157 silly addNameRange     '6.0.1',
157 silly addNameRange     '9.0.0',
157 silly addNameRange     '9.0.1',
157 silly addNameRange     '9.0.2',
157 silly addNameRange     '9.0.3',
157 silly addNameRange     '10.0.1',
157 silly addNameRange     '10.0.2',
157 silly addNameRange     '11.0.0',
157 silly addNameRange     '11.0.1',
157 silly addNameRange     '11.0.2',
157 silly addNameRange     '12.0.0',
157 silly addNameRange     '12.0.1',
157 silly addNameRange     '12.0.2',
157 silly addNameRange     '12.1.0',
157 silly addNameRange     '12.1.1-alpha.2935e14d',
157 silly addNameRange     '12.1.2-alpha.a482b15c',
157 silly addNameRange     '12.1.2-alpha.6230044c',
157 silly addNameRange     '12.1.3-alpha.6230044c',
157 silly addNameRange     '12.1.4-alpha.a737c6e5',
157 silly addNameRange     '12.1.5-alpha.b5322422',
157 silly addNameRange     '13.0.0',
157 silly addNameRange     '13.2.1',
157 silly addNameRange     '13.2.2',
157 silly addNameRange     '13.3.0-alpha.a44f195f',
157 silly addNameRange     '13.3.0-alpha.4eb0c908',
157 silly addNameRange     '13.2.3-alpha.ffc7404b',
157 silly addNameRange     '13.3.0-alpha.ffc7404b',
157 silly addNameRange     '13.3.0-alpha.8b48d59e',
157 silly addNameRange     '13.3.0-alpha.g8b48d59',
157 silly addNameRange     '13.4.0-alpha.d2632006',
157 silly addNameRange     '14.0.0',
157 silly addNameRange     '14.0.1',
157 silly addNameRange     '14.0.2',
157 silly addNameRange     '14.1.0',
157 silly addNameRange     '14.2.0-alpha.ca8bfb6e',
157 silly addNameRange     '14.2.1-alpha.e21d71a4',
157 silly addNameRange     '14.2.2-alpha.22bd3c33',
157 silly addNameRange     '14.3.0-alpha.d13c163e',
157 silly addNameRange     '14.3.1-alpha.410cb91a',
157 silly addNameRange     '14.3.2-alpha.83c25417',
157 silly addNameRange     '15.0.0',
157 silly addNameRange     '15.2.0-alpha.c681f819',
157 silly addNameRange     '16.0.0',
157 silly addNameRange     '16.1.0-alpha.691b0e22',
157 silly addNameRange     '17.0.0',
157 silly addNameRange     '17.0.2',
157 silly addNameRange     '18.0.0',
157 silly addNameRange     '18.5.0-alpha.7da3df39',
157 silly addNameRange     '19.0.0',
157 silly addNameRange     '19.1.0-alpha.eed82034',
157 silly addNameRange     '19.2.0-alpha.993e64af',
157 silly addNameRange     '19.3.0-alpha.85402254',
157 silly addNameRange     '20.0.0',
157 silly addNameRange     '20.0.1',
157 silly addNameRange     '20.0.2',
157 silly addNameRange     '20.0.3',
157 silly addNameRange     '20.1.0-alpha.1',
157 silly addNameRange     '20.1.0-alpha.2',
157 silly addNameRange     '20.1.0-alpha.3',
157 silly addNameRange     '20.1.0-beta.1',
157 silly addNameRange     '20.1.0-chi.1',
157 silly addNameRange     '20.1.0-delta.1',
157 silly addNameRange     '20.1.0-delta.2',
157 silly addNameRange     '20.1.0-delta.3',
157 silly addNameRange     '20.1.0-delta.4',
157 silly addNameRange     '20.1.0-delta.5',
157 silly addNameRange     '20.1.0-echo.1',
157 silly addNameRange     '21.0.0-alpha.1',
157 silly addNameRange     '21.0.0-alpha.2',
157 silly addNameRange     '21.0.0-beta.1',
157 silly addNameRange     '21.0.0',
157 silly addNameRange     '21.0.2',
157 silly addNameRange     '21.2.0',
157 silly addNameRange     '21.3.0-alpha.1e3ee68e',
157 silly addNameRange     '21.3.0-alpha.eff7a1cf',
157 silly addNameRange     '21.3.0-beta.1',
157 silly addNameRange     '21.3.0-beta.2',
157 silly addNameRange     '21.3.0-beta.3',
157 silly addNameRange     '21.3.0-beta.4',
157 silly addNameRange     '21.3.0-beta.5',
157 silly addNameRange     '21.3.0-beta.6',
157 silly addNameRange     '21.3.0-beta.7',
157 silly addNameRange     '21.3.0-beta.8',
157 silly addNameRange     '21.3.0-beta.9',
157 silly addNameRange     '21.3.0-beta.10',
157 silly addNameRange     '21.3.0-beta.11',
157 silly addNameRange     '21.3.0-beta.12',
157 silly addNameRange     '21.3.0-beta.13',
157 silly addNameRange     '21.3.0-beta.14',
157 silly addNameRange     '21.3.0-beta.15',
157 silly addNameRange     '22.0.0',
157 silly addNameRange     '22.0.1',
157 silly addNameRange     '22.0.2',
157 silly addNameRange     '22.0.3',
157 silly addNameRange     '22.0.4',
157 silly addNameRange     '22.0.6',
157 silly addNameRange     '22.1.0',
157 silly addNameRange     '22.2.0',
157 silly addNameRange     '22.2.2',
157 silly addNameRange     '22.4.0',
157 silly addNameRange     '22.4.1' ] ]
158 verbose addNamed [ 'babel-jest', '22.4.1' ]
159 verbose addNamed [ '22.4.1', '22.4.1' ]
160 silly lockFile 67822525-babel-jest-22-4-1 babel-jest@22.4.1
161 verbose lock babel-jest@22.4.1 /home/phoebee/.npm/67822525-babel-jest-22-4-1.lock
162 silly addNameRange number 2 { name: 'babel-loader',
162 silly addNameRange   range: '>=7.1.2-0 <8.0.0-0',
162 silly addNameRange   hasData: true }
163 silly addNameRange versions [ 'babel-loader',
163 silly addNameRange   [ '4.0.0',
163 silly addNameRange     '4.1.0',
163 silly addNameRange     '4.2.0',
163 silly addNameRange     '4.3.0',
163 silly addNameRange     '5.0.0',
163 silly addNameRange     '5.1.0',
163 silly addNameRange     '5.1.2',
163 silly addNameRange     '5.1.3',
163 silly addNameRange     '5.1.4',
163 silly addNameRange     '5.2.0',
163 silly addNameRange     '5.2.1',
163 silly addNameRange     '5.2.2',
163 silly addNameRange     '5.3.0',
163 silly addNameRange     '5.3.1',
163 silly addNameRange     '5.3.2',
163 silly addNameRange     '5.3.3',
163 silly addNameRange     '6.0.0',
163 silly addNameRange     '6.0.1',
163 silly addNameRange     '6.1.0',
163 silly addNameRange     '5.4.0',
163 silly addNameRange     '6.2.0',
163 silly addNameRange     '6.2.1',
163 silly addNameRange     '6.2.2',
163 silly addNameRange     '6.2.3',
163 silly addNameRange     '6.2.4',
163 silly addNameRange     '5.4.1',
163 silly addNameRange     '5.4.2',
163 silly addNameRange     '6.2.5',
163 silly addNameRange     '6.2.6',
163 silly addNameRange     '6.2.7',
163 silly addNameRange     '6.2.8',
163 silly addNameRange     '6.2.9',
163 silly addNameRange     '6.2.10',
163 silly addNameRange     '6.3.0',
163 silly addNameRange     '6.3.1',
163 silly addNameRange     '6.3.2',
163 silly addNameRange     '7.0.0-alpha.1',
163 silly addNameRange     '6.4.0',
163 silly addNameRange     '7.0.0-alpha.2',
163 silly addNameRange     '7.0.0-alpha.3',
163 silly addNameRange     '6.4.1',
163 silly addNameRange     '7.0.0-beta.1',
163 silly addNameRange     '7.0.0',
163 silly addNameRange     '7.1.0',
163 silly addNameRange     '7.1.1',
163 silly addNameRange     '7.1.2',
163 silly addNameRange     '8.0.0-beta.0',
163 silly addNameRange     '7.1.3',
163 silly addNameRange     '8.0.0-beta.1',
163 silly addNameRange     '8.0.0-beta.2' ] ]
164 verbose addNamed [ 'babel-loader', '7.1.3' ]
165 verbose addNamed [ '7.1.3', '7.1.3' ]
166 silly lockFile 9c244ea4-babel-loader-7-1-3 babel-loader@7.1.3
167 verbose lock babel-loader@7.1.3 /home/phoebee/.npm/9c244ea4-babel-loader-7-1-3.lock
168 silly addNameRange number 2 { name: 'babel-core',
168 silly addNameRange   range: '>=6.26.0-0 <7.0.0-0',
168 silly addNameRange   hasData: true }
169 silly addNameRange versions [ 'babel-core',
169 silly addNameRange   [ '4.0.1',
169 silly addNameRange     '4.0.2',
169 silly addNameRange     '4.1.1',
169 silly addNameRange     '4.2.0',
169 silly addNameRange     '4.2.1',
169 silly addNameRange     '4.3.0',
169 silly addNameRange     '4.4.1',
169 silly addNameRange     '4.4.2',
169 silly addNameRange     '4.4.3',
169 silly addNameRange     '4.4.4',
169 silly addNameRange     '4.4.5',
169 silly addNameRange     '4.4.6',
169 silly addNameRange     '4.5.0',
169 silly addNameRange     '4.5.1',
169 silly addNameRange     '4.5.2',
169 silly addNameRange     '4.5.3',
169 silly addNameRange     '4.5.4',
169 silly addNameRange     '4.5.5',
169 silly addNameRange     '4.6.0',
169 silly addNameRange     '4.6.1',
169 silly addNameRange     '4.6.3',
169 silly addNameRange     '4.6.4',
169 silly addNameRange     '4.6.5',
169 silly addNameRange     '4.6.6',
169 silly addNameRange     '4.7.0',
169 silly addNameRange     '4.7.1',
169 silly addNameRange     '4.7.2',
169 silly addNameRange     '4.7.3',
169 silly addNameRange     '4.7.4',
169 silly addNameRange     '4.7.5',
169 silly addNameRange     '4.7.6',
169 silly addNameRange     '4.7.7',
169 silly addNameRange     '4.7.8',
169 silly addNameRange     '4.7.9',
169 silly addNameRange     '4.7.10',
169 silly addNameRange     '4.7.11',
169 silly addNameRange     '4.7.12',
169 silly addNameRange     '4.7.13',
169 silly addNameRange     '4.7.14',
169 silly addNameRange     '4.7.15',
169 silly addNameRange     '4.7.16',
169 silly addNameRange     '5.0.0-beta2',
169 silly addNameRange     '5.0.0-beta3',
169 silly addNameRange     '5.0.0-beta4',
169 silly addNameRange     '5.0.0',
169 silly addNameRange     '5.0.1',
169 silly addNameRange     '5.0.2',
169 silly addNameRange     '5.0.3',
169 silly addNameRange     '5.0.4',
169 silly addNameRange     '5.0.5',
169 silly addNameRange     '5.0.6',
169 silly addNameRange     '5.0.7',
169 silly addNameRange     '5.0.8',
169 silly addNameRange     '5.0.9',
169 silly addNameRange     '5.0.10',
169 silly addNameRange     '5.0.11',
169 silly addNameRange     '5.0.12',
169 silly addNameRange     '5.0.13',
169 silly addNameRange     '5.1.0',
169 silly addNameRange     '5.1.1',
169 silly addNameRange     '5.1.2',
169 silly addNameRange     '5.1.3',
169 silly addNameRange     '5.1.4',
169 silly addNameRange     '5.1.5',
169 silly addNameRange     '5.1.6',
169 silly addNameRange     '5.1.7',
169 silly addNameRange     '5.1.8',
169 silly addNameRange     '5.1.9',
169 silly addNameRange     '5.1.10',
169 silly addNameRange     '5.1.11',
169 silly addNameRange     '5.1.12',
169 silly addNameRange     '5.1.13',
169 silly addNameRange     '5.2.0',
169 silly addNameRange     '5.2.1',
169 silly addNameRange     '5.2.2',
169 silly addNameRange     '5.2.3',
169 silly addNameRange     '5.2.4',
169 silly addNameRange     '5.2.5',
169 silly addNameRange     '5.2.6',
169 silly addNameRange     '5.2.7',
169 silly addNameRange     '5.2.9',
169 silly addNameRange     '5.2.10',
169 silly addNameRange     '5.2.11',
169 silly addNameRange     '5.2.12',
169 silly addNameRange     '5.2.13',
169 silly addNameRange     '5.2.14',
169 silly addNameRange     '5.2.15',
169 silly addNameRange     '5.2.16',
169 silly addNameRange     '5.2.17',
169 silly addNameRange     '5.3.0',
169 silly addNameRange     '5.3.1',
169 silly addNameRange     '5.3.2',
169 silly addNameRange     '5.3.3',
169 silly addNameRange     '5.4.0',
169 silly addNameRange     '5.4.1',
169 silly addNameRange     '5.4.2',
169 silly addNameRange     '5.4.3',
169 silly addNameRange     '5.4.4',
169 silly addNameRange     '5.4.5',
169 silly addNameRange     '5.4.6',
169 silly addNameRange     '5.4.7',
169 silly addNameRange     '5.5.0',
169 silly addNameRange     '5.5.1',
169 silly addNameRange     '5.5.2',
169 silly addNameRange     '5.5.3',
169 silly addNameRange     '5.5.4',
169 silly addNameRange     '5.5.5',
169 silly addNameRange     '5.5.6',
169 silly addNameRange     '5.5.7',
169 silly addNameRange     '5.5.8',
169 silly addNameRange     '5.6.1',
169 silly addNameRange     '5.6.2',
169 silly addNameRange     '5.6.3',
169 silly addNameRange     '5.6.4',
169 silly addNameRange     '5.6.5',
169 silly addNameRange     '5.6.6',
169 silly addNameRange     '5.6.7',
169 silly addNameRange     '5.6.10',
169 silly addNameRange     '5.6.11',
169 silly addNameRange     '5.6.12',
169 silly addNameRange     '5.6.14',
169 silly addNameRange     '5.6.15',
169 silly addNameRange     '5.6.16',
169 silly addNameRange     '5.6.18',
169 silly addNameRange     '5.6.19',
169 silly addNameRange     '5.6.20',
169 silly addNameRange     '5.7.0',
169 silly addNameRange     '5.7.1',
169 silly addNameRange     '5.7.2',
169 silly addNameRange     '5.7.3',
169 silly addNameRange     '5.7.4',
169 silly addNameRange     '5.8.1',
169 silly addNameRange     '5.8.2',
169 silly addNameRange     '5.8.3',
169 silly addNameRange     '5.8.5',
169 silly addNameRange     '5.8.6',
169 silly addNameRange     '5.8.8',
169 silly addNameRange     '5.8.9',
169 silly addNameRange     '5.8.12',
169 silly addNameRange     '5.8.14',
169 silly addNameRange     '5.8.19',
169 silly addNameRange     '5.8.20',
169 silly addNameRange     '5.8.21',
169 silly addNameRange     '5.8.22',
169 silly addNameRange     '5.8.23',
169 silly addNameRange     '5.8.24',
169 silly addNameRange     '5.8.25',
169 silly addNameRange     '5.8.29',
169 silly addNameRange     '5.8.30',
169 silly addNameRange     '5.8.31',
169 silly addNameRange     '5.8.32',
169 silly addNameRange     '5.8.33',
169 silly addNameRange     '6.0.0',
169 silly addNameRange     '6.0.1',
169 silly addNameRange     '6.0.2',
169 silly addNameRange     '6.0.12',
169 silly addNameRange     '6.0.14',
169 silly addNameRange     '6.0.15',
169 silly addNameRange     '6.0.16',
169 silly addNameRange     '6.0.17',
169 silly addNameRange     '6.0.18',
169 silly addNameRange     '6.0.19',
169 silly addNameRange     '6.0.20',
169 silly addNameRange     '6.1.2',
169 silly addNameRange     '6.1.4',
169 silly addNameRange     '5.8.34',
169 silly addNameRange     '6.1.5',
169 silly addNameRange     '6.1.6',
169 silly addNameRange     '6.1.7',
169 silly addNameRange     '6.1.8',
169 silly addNameRange     '6.1.9',
169 silly addNameRange     '6.1.10',
169 silly addNameRange     '6.1.11',
169 silly addNameRange     '6.1.12',
169 silly addNameRange     '6.1.13',
169 silly addNameRange     '6.1.14',
169 silly addNameRange     '6.1.15',
169 silly addNameRange     '6.1.16',
169 silly addNameRange     '6.1.17',
169 silly addNameRange     '6.1.18',
169 silly addNameRange     '6.1.19',
169 silly addNameRange     '6.1.20',
169 silly addNameRange     '6.1.21',
169 silly addNameRange     '6.2.0',
169 silly addNameRange     '6.2.1',
169 silly addNameRange     '6.2.4',
169 silly addNameRange     '6.3.2',
169 silly addNameRange     '6.3.13',
169 silly addNameRange     '6.3.15',
169 silly addNameRange     '6.3.17',
169 silly addNameRange     '6.3.21',
169 silly addNameRange     '6.3.26',
169 silly addNameRange     '6.4.0',
169 silly addNameRange     '6.4.5',
169 silly addNameRange     '5.8.35',
169 silly addNameRange     '6.5.0',
169 silly addNameRange     '6.5.0-1',
169 silly addNameRange     '6.5.1',
169 silly addNameRange     '6.5.2',
169 silly addNameRange     '6.5.2-canary.ab7533ed',
169 silly addNameRange     '6.6.0',
169 silly addNameRange     '6.6.4',
169 silly addNameRange     '6.6.5',
169 silly addNameRange     '6.7.0',
169 silly addNameRange     '6.7.2',
169 silly addNameRange     '5.8.38',
169 silly addNameRange     '6.7.4',
169 silly addNameRange     '6.7.5',
169 silly addNameRange     '6.7.6',
169 silly addNameRange     '6.7.7',
169 silly addNameRange     '6.8.0',
169 silly addNameRange     '6.9.0',
169 silly addNameRange     '6.9.1',
169 silly addNameRange     '6.10.4',
169 silly addNameRange     '6.11.4',
169 silly addNameRange     '6.13.0',
169 silly addNameRange     '6.13.1',
169 silly addNameRange     '6.13.2',
169 silly addNameRange     '6.14.0',
169 silly addNameRange     '6.16.0',
169 silly addNameRange     '6.17.0',
169 silly addNameRange     '6.18.0',
169 silly addNameRange     '6.18.2',
169 silly addNameRange     '6.20.0',
169 silly addNameRange     '6.21.0',
169 silly addNameRange     '6.22.0',
169 silly addNameRange     '6.22.1',
169 silly addNameRange     '6.23.0',
169 silly addNameRange     '6.23.1',
169 silly addNameRange     '7.0.0-alpha.1',
169 silly addNameRange     '7.0.0-alpha.2',
169 silly addNameRange     '6.24.0',
169 silly addNameRange     '7.0.0-alpha.3',
169 silly addNameRange     '7.0.0-alpha.6',
169 silly addNameRange     '7.0.0-alpha.7',
169 silly addNameRange     '6.24.1',
169 silly addNameRange     '7.0.0-alpha.8',
169 silly addNameRange     '7.0.0-alpha.9',
169 silly addNameRange     '7.0.0-alpha.10',
169 silly addNameRange     '7.0.0-alpha.11',
169 silly addNameRange     '7.0.0-alpha.12',
169 silly addNameRange     '6.25.0',
169 silly addNameRange     '7.0.0-alpha.14',
169 silly addNameRange     '7.0.0-alpha.15',
169 silly addNameRange     '7.0.0-alpha.16',
169 silly addNameRange     '7.0.0-alpha.17',
169 silly addNameRange     '7.0.0-alpha.18',
169 silly addNameRange     '7.0.0-alpha.19',
169 silly addNameRange     '6.26.0',
169 silly addNameRange     '7.0.0-alpha.20',
169 silly addNameRange     '7.0.0-beta.0',
169 silly addNameRange     '7.0.0-beta.1',
169 silly addNameRange     '7.0.0-beta.2',
169 silly addNameRange     '7.0.0-beta.3',
169 silly addNameRange     '7.0.0-bridge.0' ] ]
170 verbose addNamed [ 'babel-core', '6.26.0' ]
171 verbose addNamed [ '6.26.0', '6.26.0' ]
172 silly lockFile ccbca098-babel-core-6-26-0 babel-core@6.26.0
173 verbose lock babel-core@6.26.0 /home/phoebee/.npm/ccbca098-babel-core-6-26-0.lock
174 silly lockFile 67822525-babel-jest-22-4-1 babel-jest@22.4.1
175 silly lockFile 67822525-babel-jest-22-4-1 babel-jest@22.4.1
176 silly lockFile 8dd2d04b-babel-jest-22-0-4 babel-jest@^22.0.4
177 silly lockFile 8dd2d04b-babel-jest-22-0-4 babel-jest@^22.0.4
178 silly lockFile 8a6bb8a5-regenerator-runtime-0-11-1 regenerator-runtime@0.11.1
179 silly lockFile 8a6bb8a5-regenerator-runtime-0-11-1 regenerator-runtime@0.11.1
180 silly lockFile 8487cc82-regenerator-runtime-0-11-1 regenerator-runtime@^0.11.1
181 silly lockFile 8487cc82-regenerator-runtime-0-11-1 regenerator-runtime@^0.11.1
182 silly lockFile 9c244ea4-babel-loader-7-1-3 babel-loader@7.1.3
183 silly lockFile 9c244ea4-babel-loader-7-1-3 babel-loader@7.1.3
184 silly lockFile 889ad69c-babel-loader-7-1-2 babel-loader@^7.1.2
185 silly lockFile 889ad69c-babel-loader-7-1-2 babel-loader@^7.1.2
186 silly lockFile ccbca098-babel-core-6-26-0 babel-core@6.26.0
187 silly lockFile ccbca098-babel-core-6-26-0 babel-core@6.26.0
188 silly lockFile 538dc80e-babel-core-6-26-0 babel-core@^6.26.0
189 silly lockFile 538dc80e-babel-core-6-26-0 babel-core@^6.26.0
190 http 304 https://registry.npmjs.org/webpack
191 silly registry.get cb [ 304,
191 silly registry.get   { date: 'Sun, 04 Mar 2018 02:11:07 GMT',
191 silly registry.get     via: '1.1 varnish',
191 silly registry.get     'cache-control': 'max-age=300',
191 silly registry.get     etag: '"5a984351-15ece6"',
191 silly registry.get     age: '0',
191 silly registry.get     connection: 'keep-alive',
191 silly registry.get     'x-served-by': 'cache-bur17535-BUR',
191 silly registry.get     'x-cache': 'MISS',
191 silly registry.get     'x-cache-hits': '0',
191 silly registry.get     'x-timer': 'S1520129467.237265,VS0,VE117',
191 silly registry.get     vary: 'Accept-Encoding, Accept' } ]
192 verbose etag webpack from cache
193 http 404 https://registry.npmjs.org/webcomponents/webcomponentsjs
194 silly registry.get cb [ 404,
194 silly registry.get   { 'content-type': 'application/json',
194 silly registry.get     'cache-control': 'max-age=0',
194 silly registry.get     'content-length': '2',
194 silly registry.get     'accept-ranges': 'bytes',
194 silly registry.get     date: 'Sun, 04 Mar 2018 02:11:07 GMT',
194 silly registry.get     via: '1.1 varnish',
194 silly registry.get     age: '0',
194 silly registry.get     connection: 'keep-alive',
194 silly registry.get     'x-served-by': 'cache-bur17526-BUR',
194 silly registry.get     'x-cache': 'MISS',
194 silly registry.get     'x-cache-hits': '0',
194 silly registry.get     'x-timer': 'S1520129467.225876,VS0,VE143',
194 silly registry.get     vary: 'Accept-Encoding' } ]
195 silly addNameRange number 2 { name: 'webcomponents/webcomponentsjs',
195 silly addNameRange   range: '>=1.0.22-0 <2.0.0-0',
195 silly addNameRange   hasData: true }
196 silly addNameRange versions [ undefined, [] ]
197 error TypeError: Cannot read property 'latest' of undefined
197 error     at next (/usr/share/npm/lib/cache.js:687:35)
197 error     at /usr/share/npm/lib/cache.js:675:5
197 error     at saved (/usr/share/npm/node_modules/npm-registry-client/lib/get.js:142:7)
197 error     at /usr/lib/nodejs/graceful-fs/polyfills.js:133:7
197 error     at Object.oncomplete (fs.js:107:15)
198 error If you need help, you may report this log at:
198 error     <http://github.com/isaacs/npm/issues>
198 error or email it to:
198 error     <npm-@googlegroups.com>
199 error System Linux 4.4.0-104-generic
200 error command "/usr/bin/nodejs" "/usr/bin/npm" "install"
201 error cwd /home/phoebee/cs3220/cs-3220-spring-2018-YuchangRachel/lab3/client
202 error node -v v0.10.25
203 error npm -v 1.3.10
204 error type non_object_property_load
205 verbose exit [ 1, true ]
